<?xml version="1.0" encoding="UTF-8"?>
<!-- Generated by org.testng.reporters.JUnitReportReporter -->
<testsuite hostname="DESKTOP-9DVV25U" failures="0" tests="1" name="testNG.Maven.NewTestThree" time="0.017" errors="0" timestamp="2021-08-17T11:22:32 EDT" skipped="0">
  <testcase classname="testNG.Maven.NewTestThree" name="Test3" time="0.017"/>
  <system-out/>
</testsuite> <!-- testNG.Maven.NewTestThree -->
