<?xml version="1.0" encoding="UTF-8"?>
<!-- Generated by org.testng.reporters.JUnitReportReporter -->
<testsuite hostname="DESKTOP-9DVV25U" failures="0" tests="1" name="testNG.Maven.NewTestTwo" time="0.001" errors="0" timestamp="2021-08-16T21:15:54 EDT" skipped="0">
  <testcase classname="testNG.Maven.NewTestTwo" name="Test2" time="0.001"/>
  <system-out/>
</testsuite> <!-- testNG.Maven.NewTestTwo -->
