<?xml version="1.0" encoding="UTF-8"?>
<!-- Generated by org.testng.reporters.JUnitReportReporter -->
<testsuite hostname="DESKTOP-8F5DJUP" failures="0" tests="1" name="testNG.Maven.Hope" time="0.004" errors="0" timestamp="2021-08-16T20:49:17 PDT" skipped="0">
  <testcase classname="testNG.Maven.Hope" name="HopeW" time="0.004"/>
  <system-out/>
</testsuite> <!-- testNG.Maven.Hope -->
