<?xml version="1.0" encoding="UTF-8"?>
<!-- Generated by org.testng.reporters.JUnitReportReporter -->
<testsuite hostname="DESKTOP-8F5DJUP" failures="0" tests="1" name="testNG.Maven.NewTestThree" time="0.006" errors="0" timestamp="2021-08-16T20:49:17 PDT" skipped="0">
  <testcase classname="testNG.Maven.NewTestThree" name="Test3" time="0.006"/>
  <system-out/>
</testsuite> <!-- testNG.Maven.NewTestThree -->
