<?xml version="1.0" encoding="UTF-8"?>
<!-- Generated by org.testng.reporters.JUnitReportReporter -->
<testsuite hostname="DESKTOP-9DVV25U" failures="0" tests="1" name="testNG.Maven.NewTest" time="1.755" errors="0" timestamp="2021-08-16T19:29:56 EDT" skipped="0">
  <testcase classname="testNG.Maven.NewTest" name="test" time="1.755"/>
  <system-out/>
</testsuite> <!-- testNG.Maven.NewTest -->
