<?xml version="1.0" encoding="UTF-8"?>
<!-- Generated by org.testng.reporters.JUnitReportReporter -->
<testsuite hostname="DESKTOP-9DVV25U" failures="0" tests="3" name="testNG.Maven.Hope" time="0.065" errors="0" timestamp="2021-08-17T11:22:32 EDT" skipped="0">
  <testcase classname="testNG.Maven.Hope" name="HopeW3" time="0.006"/>
  <system-out/>
  <testcase classname="testNG.Maven.Hope" name="HopeW" time="0.052"/>
  <system-out/>
  <testcase classname="testNG.Maven.Hope" name="HopeW2" time="0.007"/>
  <system-out/>
</testsuite> <!-- testNG.Maven.Hope -->
