<?xml version="1.0" encoding="UTF-8"?>
<!-- Generated by org.testng.reporters.JUnitReportReporter -->
<testsuite hostname="DESKTOP-8F5DJUP" failures="0" tests="1" name="testNG.Maven.NewTest" time="3.722" errors="0" timestamp="2021-08-16T20:49:17 PDT" skipped="0">
  <testcase classname="testNG.Maven.NewTest" name="test" time="3.722"/>
  <system-out/>
</testsuite> <!-- testNG.Maven.NewTest -->
